
Showing logs for build [32mcloudcat-meow-environment-pr-32-llcmb-1[0m stage [32mfrom-build-pack[0m and container [32mstep-credential-initializer-qtwgl[0m
{"level":"warn","ts":1571069601.3387535,"logger":"fallback-logger","caller":"logging/config.go:69","msg":"Fetch GitHub commit ID from kodata failed: \"ref: refs/heads/master\" is not a valid GitHub commit ID"}
{"level":"info","ts":1571069601.339613,"logger":"fallback-logger","caller":"creds-init/main.go:40","msg":"Credentials initialized."}

Showing logs for build [32mcloudcat-meow-environment-pr-32-llcmb-1[0m stage [32mfrom-build-pack[0m and container [32mstep-working-dir-initializer-f4mdg[0m
{"level":"warn","ts":1571069602.7466016,"logger":"fallback-logger","caller":"logging/config.go:69","msg":"Fetch GitHub commit ID from kodata failed: open /var/run/ko/HEAD: no such file or directory"}
{"level":"info","ts":1571069602.748404,"logger":"fallback-logger","caller":"bash/main.go:65","msg":"Successfully executed command \"mkdir -p /workspace/source\""}

Showing logs for build [32mcloudcat-meow-environment-pr-32-llcmb-1[0m stage [32mfrom-build-pack[0m and container [32mstep-place-tools[0m

Showing logs for build [32mcloudcat-meow-environment-pr-32-llcmb-1[0m stage [32mfrom-build-pack[0m and container [32mstep-git-source-cloudcat-meow-environment-pr-32-xjzt7[0m
{"level":"warn","ts":1571069606.8350108,"logger":"fallback-logger","caller":"logging/config.go:69","msg":"Fetch GitHub commit ID from kodata failed: \"ref: refs/heads/master\" is not a valid GitHub commit ID"}
{"level":"info","ts":1571069607.9263153,"logger":"fallback-logger","caller":"git/git.go:102","msg":"Successfully cloned https://github.com/cloudcat-meow/environment-pr-32-8-boot-gke-production.git @ 28d34473a0043dc88859194da029010647d30e6a in path /workspace/source"}

Showing logs for build [32mcloudcat-meow-environment-pr-32-llcmb-1[0m stage [32mfrom-build-pack[0m and container [32mstep-git-merge[0m
Using SHAs from PULL_REFS=master:e5cea74464a5a566679ead37c57b6cb06ab7dbd7,1:28d34473a0043dc88859194da029010647d30e6a
DEBUG: ran git fetch --unshallow origin 28d34473a0043dc88859194da029010647d30e6a: e5cea74464a5a566679ead37c57b6cb06ab7dbd7: in 
DEBUG: ran git checkout master in 
DEBUG: ran git reset --hard e5cea74464a5a566679ead37c57b6cb06ab7dbd7 in 
DEBUG: ran clean --force -d . in 
DEBUG: ran git merge 28d34473a0043dc88859194da029010647d30e6a in 
Merged SHA 28d34473a0043dc88859194da029010647d30e6a with commit message 'chore: Promote bdd-spring-1571068903 to version 0.0.1' into base branch master

Showing logs for build [32mcloudcat-meow-environment-pr-32-llcmb-1[0m stage [32mfrom-build-pack[0m and container [32mstep-build-helm-build[0m
WARNING: No $CHART_REPOSITORY defined so using the default value of: http://jenkins-x-chartmuseum:8080
Adding missing Helm repo: storage.googleapis.com https://storage.googleapis.com/chartmuseum.jenkins-x.io
Read credentials for https://storage.googleapis.com/chartmuseum.jenkins-x.io from vault helm/repos
Successfully added Helm repository storage.googleapis.com.
Adding missing Helm repo: jenkins-x-chartmuseum http://jenkins-x-chartmuseum:8080
Read credentials for http://jenkins-x-chartmuseum:8080 from vault helm/repos
Successfully added Helm repository jenkins-x-chartmuseum.
WARNING: No $CHART_REPOSITORY defined so using the default value of: http://jenkins-x-chartmuseum:8080
Adding missing Helm repo: chartmuseum.jenkins-x.io http://chartmuseum.jenkins-x.io
Read credentials for http://chartmuseum.jenkins-x.io from vault helm/repos
Successfully added Helm repository chartmuseum.jenkins-x.io.
